<?xml version="1.0" encoding="UTF-8" standalone="no"?>
<!DOCTYPE log SYSTEM "logger.dtd">
<log>
<record>
  <date>2014-10-23T12:43:04</date>
  <millis>1414078984877</millis>
  <sequence>3</sequence>
  <logger>ar.com.crowsoft.cvxi</logger>
  <level>INFO</level>
  <class>buggymastercode.BuggyMasterCodeApp</class>
  <method>startLog</method>
  <thread>14</thread>
  <message>initializing BuggyMasterCode</message>
</record>
<record>
  <date>2014-10-23T12:43:04</date>
  <millis>1414078984878</millis>
  <sequence>4</sequence>
  <logger>ar.com.crowsoft.cvxi</logger>
  <level>INFO</level>
  <class>buggymastercode.BuggyMasterCodeApp</class>
  <method>startLog</method>
  <thread>14</thread>
  <message>running in: /Users/javier/Work/CrowSoft/Java/vb6-to-java/BuggyMasterCode</message>
</record>
